<?xml version="1.0" encoding="utf-8"?><testsuites name="pytest tests"><testsuite name="pytest" errors="0" failures="0" skipped="0" tests="6" time="1.849" timestamp="2026-06-05T12:00:24.653671+00:00" hostname="agent-env-001aaeae-2d23-446f-a950-4b20bb671e97"><testcase classname="backend.tests.test_investor_contacts" name="test_root_greeting" time="0.233" /><testcase classname="backend.tests.test_investor_contacts" name="test_create_investor_contact_success" time="0.048" /><testcase classname="backend.tests.test_investor_contacts" name="test_create_invalid_email" time="0.055" /><testcase classname="backend.tests.test_investor_contacts" name="test_create_missing_required_fields" time="0.048" /><testcase classname="backend.tests.test_investor_contacts" name="test_create_message_too_short" time="0.050" /><testcase classname="backend.tests.test_investor_contacts" name="test_list_investor_contacts_sorted_desc" time="1.243" /></testsuite></testsuites>